
Clover 安装器 r5120 (33816ae90) (installer library v1.1.6), 2020-07-28 09:39:08
macOS 版本10.15.6（版号19G73）
SELF = /Applications/Clover.app/Contents/MacOS/CloverDaemonNew
Backup made at:
/Users/admin/Desktop/CloverBackUp/WDC PC SN720 SDAQNTW-512G-1001 Media/r5119_2020-07-28_09-39-03/EFI.
Target volume: /Volumes/EFI
BSD Name:      disk0s1
Filesystem:    FAT32
Is internal:   true
Is writable:   true
Installation type: UEFI

/dev/disk0 (internal, physical):
   #:                       TYPE NAME                    SIZE       IDENTIFIER
   0:      GUID_partition_scheme                        *512.1 GB   disk0
   1:                        EFI EFI                     209.7 MB   disk0s1
   2:                 Apple_APFS Container disk2         511.9 GB   disk0s2

/dev/disk1 (internal, physical):
   #:                       TYPE NAME                    SIZE       IDENTIFIER
   0:      GUID_partition_scheme                        *1.0 TB     disk1
   1:                        EFI EFI                     209.7 MB   disk1s1
   2:                  Apple_HFS MacData                 999.9 GB   disk1s2

/dev/disk2 (synthesized):
   #:                       TYPE NAME                    SIZE       IDENTIFIER
   0:      APFS Container Scheme -                      +511.9 GB   disk2
                                 Physical Store disk0s2
   1:                APFS Volume Macintosh HD - Data     208.2 GB   disk2s1
   2:                APFS Volume Preboot                 125.8 MB   disk2s2
   3:                APFS Volume Recovery                1.0 GB     disk2s3
   4:                APFS Volume VM                      2.1 GB     disk2s4
   5:                APFS Volume Macintosh HD            11.2 GB    disk2s5




Installing/Updating Clover:
+ ../BOOT/BOOTX64.efi
+ ../CLOVER/CLOVERX64.efi

Installing/Updating drivers:
+ ../UEFI/AudioDxe.efi
+ ../UEFI/DataHubDxe.efi
+ ../UEFI/FSInject.efi
+ ../UEFI/ApfsDriverLoader.efi
+ ../UEFI/OsxAptioFix3Drv.efi
+ ../UEFI/EmuVariableUefi.efi
+ ../UEFI/NvmExpressDxe.efi
+ ../UEFI/PartitionDxe.efi
+ ../BIOS/AudioDxe.efi
+ ../BIOS/FSInject.efi
+ ../BIOS/SMCHelper.efi
+ ../BIOS/XhciDxe.efi
+ ../BIOS/ApfsDriverLoader.efi
+ ../BIOS/GrubEXFAT.efi
+ ../BIOS/GrubISO9660.efi
+ ../BIOS/GrubNTFS.efi
+ ../BIOS/GrubUDF.efi
+ ../BIOS/AppleImageCodec.efi
+ ../BIOS/AppleKeyAggregator.efi
+ ../BIOS/AppleUITheme.efi
+ ../BIOS/FirmwareVolume.efi

Installing/Updating tools:
+ ../tools/Shell64.efi
+ ../tools/bdmesg.efi
+ ../tools/Shell64U.efi
+ ../tools/Shell32.efi

Installing/Updating docs:
+ ../doc/UEFI boot with Clover.rtf
+ ../doc/boot1f32-install.sh
+ ../doc/HowToInstallOSX.txt
+ ../doc/HowToFixDsdt.txt
+ ../doc/bcfg.txt