0:100  0:100  MemLog inited, TSC freq: 2904418340
0:100  0:000  CPU was calibrated with RTC
0:100  0:000  
0:100  0:000  Now is 07.08.2020,  06:37:43 (GMT)
0:100  0:000  Starting Clover revision:  (github unknown) on American Megatrends EFI
0:100  0:000  Build with: [Args: -D NO_GRUB_DRIVERS_EMBEDDED -t GCC53 | -D NO_GRUB_DRIVERS_EMBEDDED --conf=/Users/julian/Downloads/Clover_Edits/CloverBootloader-5119/Conf -D USE_LOW_EBDA -a X64 -b RELEASE -t GCC53 -n 9 | OS: 10.12.6]
0:100  0:000  SelfDevicePath=PciRoot(0x0)\Pci(0x1B,0x0)\Pci(0x0,0x0)\NVMe(0x1,4E-B0-16-44-8B-44-1B-00)\HD(1,GPT,CBF3EB0D-6F41-4FFC-BA9D-74606D0EB8C0,0x28,0x64000) @987DED18
0:100  0:000  SelfDirPath = \EFI\CLOVER
0:100  0:000  Clover : Image base = 0x92538000
0:100  0:000  SimpleTextEx Status=Success
0:100  0:000  === [ Get Smbios ] ==============================
0:100  0:000  Type 16 Index = 0
0:100  0:000  Total Memory Slots Count = 2
0:100  0:000  Type 17 Index = 0
0:100  0:000  SmbiosTable.Type17->Speed = 2667MHz
0:100  0:000  SmbiosTable.Type17->Size = 8192MB
0:100  0:000  SmbiosTable.Type17->Bank/Device = BANK 1 ChannelA-DIMM1
0:100  0:000  SmbiosTable.Type17->Vendor = Micron
0:100  0:000  SmbiosTable.Type17->SerialNumber = 200CC6F8
0:100  0:000  SmbiosTable.Type17->PartNumber = 8ATF1G64AZ-2G6E1    
0:100  0:000  Type 17 Index = 1
0:100  0:000  SmbiosTable.Type17->Speed = 2667MHz
0:100  0:000  SmbiosTable.Type17->Size = 8192MB
0:100  0:000  SmbiosTable.Type17->Bank/Device = BANK 3 ChannelB-DIMM1
0:100  0:000  SmbiosTable.Type17->Vendor = Micron
0:100  0:000  SmbiosTable.Type17->SerialNumber = 200CCFEC
0:100  0:000  SmbiosTable.Type17->PartNumber = 8ATF1G64AZ-2G6E1    
0:100  0:000  Boot status=0
0:100  0:000  Running on: '510Pro-15ICB' with board ''
0:100  0:000  === [ GetCPUProperties ] ========================
0:100  0:000  CPU Vendor = 756E6547 Model=906EA
0:100  0:000   The CPU supported SSE4.1
0:100  0:000  BrandString = Intel(R) Core(TM) i5-9400F CPU @ 2.90GHz
0:100  0:000   The CPU supported turbo
0:100  0:000  MSR 0x35               60006
0:100  0:000   TSC/CCC Information Leaf:
0:100  0:000    numerator     : 242
0:100  0:000    denominator   : 2
0:100  0:000   Calibrated ARTFrequency: 24003457
0:100  0:000   Rounded ARTFrequency: 24000000
0:100  0:000  MSR 0xE2 before patch 1E008006
0:100  0:000  MSR 0xE2 is locked, PM patches will be turned on
0:100  0:000  MSR 0xCE              00080838_F1011D00
0:100  0:000  corrected FLEX_RATIO = 0
0:100  0:000  MSR 0x1B0             00000000
0:100  0:000  FSBFrequency = 100 MHz, DMI FSBFrequency = 100 MHz, Corrected FSBFrequency = 100 MHz
0:100  0:000  MaxDiv/MinDiv: 29.0/8
0:100  0:000  Turbo: 40/40/40/41
0:100  0:000  Features: 0x77FAFBBFBFEBFBFF
0:100  0:000  Threads: 6
0:100  0:000  Cores: 6
0:100  0:000  FSB: 100 MHz
0:100  0:000  CPU: 2900 MHz
0:100  0:000  TSC: 2900 MHz
0:100  0:000  PIS: 100 MHz
0:100  0:000  ExternalClock: 25 MHz
0:100  0:000  === [ GetDevices ] ==============================
0:100  0:000  GOP found at: PciRoot(0x0)/Pci(0x1,0x0)/Pci(0x0,0x0)/Ctrl(0x0)/AcpiAdr(0x80010310)
0:100  0:000  PCI (00|00:00.00) : 8086 3EC2 class=060000
0:100  0:000  PCI (00|00:01.00) : 8086 1901 class=060400
0:100  0:000  PCI (00|01:00.00) : 10DE 1287 class=030000
0:100  0:000   - GOP: Provided by device
0:100  0:000   - GFX: Model=MSI GeForce GT 730 family 106 (Kepler)
0:100  0:000  PCI (00|01:00.01) : 10DE 0E0F class=040300
0:100  0:000   - HDMI Audio: 
0:100  0:000  PCI (00|00:08.00) : 8086 1911 class=088000
0:100  0:000  PCI (00|00:14.00) : 8086 A36D class=0C0330
0:100  0:000  PCI (00|00:14.02) : 8086 A36F class=050000
0:100  0:000  PCI (00|00:16.00) : 8086 A360 class=078000
0:100  0:000  PCI (00|00:17.00) : 8086 A352 class=010601
0:100  0:000  PCI (00|00:1B.00) : 8086 A32C class=060400
0:100  0:000  PCI (00|02:00.00) : 15B7 5002 class=010802
0:100  0:000  PCI (00|00:1C.00) : 8086 A33D class=060400
0:100  0:000  PCI (00|03:00.00) : 14E4 43BA class=028000
0:100  0:000   - WIFI: Vendor=5348 = Broadcom
0:100  0:000  PCI (00|00:1F.00) : 8086 A308 class=060100
0:100  0:000  PCI (00|00:1F.03) : 8086 A348 class=040300
0:100  0:000  PCI (00|00:1F.04) : 8086 A323 class=0C0500
0:100  0:000  PCI (00|00:1F.05) : 8086 A324 class=0C8000
0:100  0:000  PCI (00|00:1F.06) : 8086 15BC class=020000
0:100  0:000   - LAN: 0 Vendor=Intel
0:100  0:000  === [ GetDefaultSettings ] ======================
0:101  0:000  Clover load options size = 40 bytes
0:101  0:000  Clover started with option to boot bootmgfw.efi from EFI
0:101  0:000  CheckOEMPathExists tried EFI\CLOVER\OEM\510Pro-15ICB--00-00-00-00-00-00. Dir not exists
0:101  0:000  CheckOEMPathExists tried EFI\CLOVER\OEM\\UEFI. Dir not exists
0:102  0:000  CheckOEMPathExists tried EFI\CLOVER\OEM\510Pro-15ICB. Dir not exists
0:102  0:000  CheckOEMPathExists tried EFI\CLOVER\OEM\510Pro-15ICB-2900. Dir not exists
0:102  0:000  CheckOEMPathExists tried EFI\CLOVER\OEM\. 'config.plist' not exists in dir
0:102  0:000  CheckOEMPathExists tried EFI\CLOVER\OEM\-2900. Dir not exists
0:102  0:000  set OEMPath by default: EFI\CLOVER
0:104  0:002  EFI\CLOVER\config.plist loaded: Success
0:109  0:004  === [ GetListOfThemes ] =========================
0:109  0:000  - [00]: Catalina
0:110  0:000  - [01]: Hackintosh_ID
0:111  0:000  - [02]: mac_default_V
0:112  0:001  - [03]: SimpleThemeDark
0:113  0:000  - [04]: blackbc
0:114  0:001  === [ Found config plists ] =====================
0:114  0:000  - config-backup.plist
0:115  0:000  - config.plist
0:115  0:000  === [ GetEarlyUserSettings ] ====================
0:115  0:000  timeout set to -1
0:115  0:000  Custom boot CUSTOM_BOOT_USER_DISABLED (0x0)
0:115  0:000   get BlueValue=1.200000
0:115  0:000  KernelXCPM: enabled
0:115  0:000  KextsToPatch: 3 requested
0:115  0:000   - [00]: com.apple.iokit.IOUSBHostFamily (USB Port limit patch #1/2 10.15.x (credit DalianSky)) :: MatchOS: 10.15.x :: BinPatch :: data len: 4
0:115  0:000   - [01]: com.apple.driver.usb.AppleUSBXHCI (USB Port limit patch #2/2 10.15.x (credit DalianSky)) :: MatchOS: 10.15.x :: BinPatch :: data len: 4
0:115  0:000   - [02]: IOBluetoothFamily (NoLabel) :: BinPatch :: data len: 8
0:115  0:000  KernelToPatch: 8 requested
0:115  0:000   - [00]: Disable panic kext logging on 10.13 Debug kernel :: MatchOS: 10.13 :: data len: 6
0:115  0:000   - [01]: Disable panic kext logging on Release kernel :: MatchOS: 10.13 :: data len: 6
0:115  0:000   - [02]: Disable panic kext logging on Debug kernel :: MatchOS: 10.14.x :: data len: 6
0:115  0:000   - [03]: Disable panic kext logging on Release kernel :: MatchOS: 10.14.x :: data len: 6
0:115  0:000   - [04]: MSR 0xE2 _xcpm_idle instant reboot(c) Pike R. Alpha :: data len: 8
0:115  0:000   - [05]: KbeBS-EXT (kuckkuck) :: MatchOS: 10.16 :: data len: 8
0:115  0:000   - [06]: KbeBS-SIP (kuckkuck) :: MatchOS: 10.16 :: data len: 16
0:115  0:000   - [07]: KbeBS-KxldUnmap (vit9696, kuckkuck) :: MatchOS: 10.16 :: data len: 15
0:115  0:000  Default theme: blackbc
0:115  0:000  Hiding entries with string Preboot
0:115  0:000  Hiding entries with string Recovery
0:115  0:000  Hiding entries with string Windows
0:115  0:000  === [ LoadDrivers ] =============================
0:117  0:001  Loading FSInject.efi  status=Success
0:118  0:001  Loading NvmExpressDxe.efi  status=Success
0:119  0:000   - driver needs connecting
0:119  0:000  Loading HfsPlus.efi  status=Success
0:120  0:001   - driver needs connecting
0:120  0:000  Loading apfs.efi  status=Success
0:122  0:001   - driver needs connecting
0:122  0:000  Loading AudioDxe.efi  status=Success
0:122  0:000   - driver needs connecting
0:122  0:000  Loading DataHubDxe.efi  status=Success
0:124  0:001  Loading EmuVariableUefi.efi  status=Success
0:125  0:000  EmuVariableUefi Initialize: VariableCommonInitialize = Success, orig services stored, install gEmuVariableControlProtocolGuid = Success
0:125  0:000  Loading OsxAptioFix3Drv.efi  status=Success
0:126  0:000  Loading ApfsDriverLoader.efi  status=Success
0:127  0:000   - driver needs connecting
0:127  0:000  Loading PartitionDxe.efi  status=Success
0:128  0:001   - driver needs connecting
0:128  0:000  Loading OcQuirks.efi  status=Success
0:130  0:002  Loading VirtualSmc.efi  status=Success
0:132  0:002  Loading OpenRuntime.efi  status=Success
0:133  0:001  6 drivers needs connecting ...
0:133  0:000  PlatformDriverOverrideProtocol not found. Installing ... Success
0:133  0:000  Partition driver loaded: 
0:133  0:000  APFS driver loaded
0:133  0:000  Searching for invalid DiskIo BY_DRIVER connects: not found, all ok
4:697  4:563  EmuVariable InstallEmulation: orig vars copied, emu.var.services installed, CreateEvent VirtualAddressChange = Success, CreateEvent ExitBootServices = Success, set Status=Success
4:733  0:036  === [ InitScreen ] ==============================
4:733  0:000  Console modes reported: 8, available modes:
4:733  0:000   - [01]: 80x25 (current mode)
4:733  0:000   - [02]: 80x50
4:733  0:000   - [03]: 100x31
4:733  0:000   - [04]: 240x56
4:733  0:000   - [05]: 128x40
4:733  0:000   - [08]: 80x24
4:733  0:000  SetMaxResolution: found best mode 0: 1920x1080
4:733  0:000   - already set
4:733  0:000  reinit: self device path=PciRoot(0x0)\Pci(0x1B,0x0)\Pci(0x0,0x0)\NVMe(0x1,4E-B0-16-44-8B-44-1B-00)\HD(1,GPT,CBF3EB0D-6F41-4FFC-BA9D-74606D0EB8C0,0x28,0x64000)
4:733  0:000  new SelfHandle=987DED18
4:733  0:000  === [ GetMacAddress ] ===========================
4:733  0:000  MAC address of LAN #0= 00:D8:61:61:00:AE:
4:733  0:000  MAC address of LAN #1= 00:D8:61:61:00:AE:
4:733  0:000  MAC address of LAN #2= 00:D8:61:61:00:AE:
4:733  0:000  === [ ScanSPD ] =================================
4:734  0:000  Scanning SMBus [8086:A323], mmio: 0xAB238004, ioport: 0xEFA0, hostc: 0x11
4:752  0:018  Slot: 1 Type 26 8192MB 2666MHz Vendor=Micron Technology PartNo=8ATF1G64AZ-2G6E1 SerialNo=200CC6F8
4:771  0:018  Slot: 3 Type 26 8192MB 2666MHz Vendor=Micron Technology PartNo=8ATF1G64AZ-2G6E1 SerialNo=200CCFEC
4:771  0:000  === [ GetAcpiTablesList ] =======================
4:776  0:004  Get Acpi Tables List from RSDT:
4:776  0:000   - [00]: FACP  TC-O3Q   len=132
4:776  0:000   - [01]: APIC  TC-O3Q   len=160
4:776  0:000   - [02]: FPDT  TC-O3Q   len=68
4:776  0:000   - [03]: FIDT  TC-O3Q   len=156
4:776  0:000   - [04]: MCFG  TC-O3Q   len=60
4:776  0:000   - [05]: SSDT  TC-O3Q   len=6940
4:776  0:000   - [06]: SLIC  TC-O3Q   len=374
4:776  0:000   - [07]: MSDM  TC-O3Q   len=85
4:776  0:000   - [08]: SSDT  TC-O3Q   len=12742
4:776  0:000   - [09]: SSDT  TC-O3Q   len=9041
4:776  0:000   - [10]: HPET  TC-O3Q   len=56
4:776  0:000   - [11]: SSDT  TC-O3Q   len=7169
4:776  0:000   - [12]: SSDT  TC-O3Q   len=4014
4:776  0:000   - [13]: UEFI  TC-O3Q   len=66
4:776  0:000   - [14]: LPIT  TC-O3Q   len=92
4:776  0:000   - [15]: SSDT  TC-O3Q   len=10206
4:776  0:000   - [16]: SSDT  TC-O3Q   len=5346
4:776  0:000   - [17]: DBGP  TC-O3Q   len=52
4:776  0:000   - [18]: DBG2  TC-O3Q   len=84
4:776  0:000   - [19]: SSDT  TC-O3Q   len=7015
4:776  0:000   - [20]: DMAR  TC-O3Q   len=112
4:776  0:000   - [21]: SSDT  TC-O3Q   len=324
4:776  0:000   - [22]: BGRT  TC-O3Q   len=56
4:776  0:000   - [23]: LUFT  TC-O3Q   len=215522
4:776  0:000   - [24]: WSMT  TC-O3Q   len=40
4:776  0:000  Calibrated TSC Frequency = 2904418340 = 2904MHz
4:776  0:000  === [ GetUserSettings ] =========================
4:776  0:000  Read NVCAP:050000000000FFFFFFFF00000000000E00000000
4:776  0:000  Add 1 devices (kTagTypeDict):
4:776  0:000  USB FixOwnership: yes
4:776  0:000  Dropping 2 tables:
4:776  0:000   - [00]: Drop table  signature="#MCF" (46434D23)
4:776  0:000  ----
4:776  0:000           - set table: 46434D23,                0 to drop: no
4:776  0:000   - [01]: Drop table  signature="DMAR" (52414D44)
4:776  0:000  ----
4:776  0:000           - set table: 52414D44,                0 to drop: yes
4:776  0:000   - final DSDT Fix mask=00014006
4:776  0:000  PatchesDSDT: 16 requested
4:776  0:000   - [00]: (change OSID to XSID (to avoid match against _OSI XOSI patch)) lenToFind: 4, lenToReplace: 4, Target Bridge: 
4:776  0:000    patch disabled at config
4:776  0:000   - [01]: (change _OSI to XOSI) lenToFind: 4, lenToReplace: 4, Target Bridge: 
4:776  0:000    patch disabled at config
4:776  0:000   - [02]: (change _DSM to XDSM) lenToFind: 4, lenToReplace: 4, Target Bridge: 
4:776  0:000    patch disabled at config
4:776  0:000   - [03]: (change EC0 to EC) lenToFind: 4, lenToReplace: 4, Target Bridge: 
4:776  0:000   - [04]: (change H_EC to EC) lenToFind: 4, lenToReplace: 4, Target Bridge: 
4:776  0:000   - [05]: (change ECDV to EC) lenToFind: 4, lenToReplace: 4, Target Bridge: 
4:776  0:000   - [06]: (change HDAS to HDEF) lenToFind: 4, lenToReplace: 4, Target Bridge: 
4:776  0:000   - [07]: (change HECI to IMEI) lenToFind: 4, lenToReplace: 4, Target Bridge: 
4:776  0:000   - [08]: (change MEI to IMEI) lenToFind: 4, lenToReplace: 4, Target Bridge: 
4:776  0:000   - [09]: (change GFX0 to IGPU) lenToFind: 4, lenToReplace: 4, Target Bridge: 
4:776  0:000   - [10]: (change PCI0.VID to IGPU #1 (Thinkpad)) lenToFind: 8, lenToReplace: 8, Target Bridge: 
4:776  0:000   - [11]: (change PCI0.VID to IGPU #2 (Thinkpad)) lenToFind: 14, lenToReplace: 14, Target Bridge: 
4:776  0:000   - [12]: (Fix AsRock Z390 BIOS DSDT Device(RTC) bug) lenToFind: 8, lenToReplace: 8, Target Bridge: 
4:776  0:000   - [13]: (change XHCI to XHC) lenToFind: 4, lenToReplace: 4, Target Bridge: 
4:776  0:000   - [14]: (change XHC1 to XHC) lenToFind: 4, lenToReplace: 4, Target Bridge: 
4:776  0:000   - [15]: (Olarila Fix Boot Stuck) lenToFind: 8, lenToReplace: 8, Target Bridge: 
4:776  0:000  Using ProductName from config: iMac19,2
4:776  0:000  Using latest BiosVersion from config
4:776  0:000  BiosVersion: IM191.88Z.F000.B00.1904222222
4:776  0:000  BiosReleaseDate: 04/22/2019
4:776  0:000  Using latest EfiVersion from clover: 1037.120.79.0.0
4:776  0:000  Using FirmwareFeatures from config: 0xFD8FF576
4:776  0:000  Using FirmwareFeaturesMask from config: 0xFF1FFF3F
4:776  0:000  Board-ID set from config as Mac-63001698E7A34814
4:776  0:000  BoardType: 0xA
4:776  0:000  ChassisType: 0x9
4:776  0:000  Converted CustomUUID 9C2CECBD-0987-5A09-B848-7AC1296B65D8
4:776  0:000  === [ Found DSDT tables ] =======================
6:633  1:857  === [ ScanVolumes ] =============================
6:633  0:000  Found 18 volumes with blockIO
6:633  0:000  - [00]: Volume: PciRoot(0x0)\Pci(0x14,0x0)\USB(0x9,0x0)
6:635  0:001          Result of bootcode detection: bootable unknown (legacy)
6:635  0:000  - [01]: Volume: PciRoot(0x0)\Pci(0x14,0x0)\USB(0x9,0x0)\HD(1,GPT,A72C7FB9-FB47-4E54-A07E-3FA3F0B05001,0x800,0x1CD67DF)
6:636  0:001          Result of bootcode detection: bootable Windows (vista,win)
6:636  0:000  - [02]: Volume: PciRoot(0x0)\Pci(0x17,0x0)\Sata(0x0,0xFFFF,0x0)
6:636  0:000  - [03]: Volume: PciRoot(0x0)\Pci(0x17,0x0)\Sata(0x0,0xFFFF,0x0)\HD(1,GPT,D6A8FBE3-E947-4D22-A238-C2D463288ED8,0x28,0x64000)
6:637  0:000          Result of bootcode detection: bootable unknown (legacy)
6:642  0:005  - [04]: Volume: PciRoot(0x0)\Pci(0x17,0x0)\Sata(0x0,0xFFFF,0x0)\HD(2,GPT,C43443AA-4D79-44B4-8AA9-9790602AC66F,0x64028,0x74662D60)
6:643  0:000  - [05]: Volume: PciRoot(0x0)\Pci(0x1B,0x0)\Pci(0x0,0x0)\NVMe(0x1,4E-B0-16-44-8B-44-1B-00)
6:643  0:000  - [06]: Volume: PciRoot(0x0)\Pci(0x1B,0x0)\Pci(0x0,0x0)\NVMe(0x1,4E-B0-16-44-8B-44-1B-00)\HD(1,GPT,CBF3EB0D-6F41-4FFC-BA9D-74606D0EB8C0,0x28,0x64000)
6:643  0:000          Result of bootcode detection: bootable Windows (win)
6:644  0:000          This is SelfVolume !!
6:644  0:000  - [07]: Volume: PciRoot(0x0)\Pci(0x1B,0x0)\Pci(0x0,0x0)\NVMe(0x1,4E-B0-16-44-8B-44-1B-00)\HD(2,GPT,E2CBD672-A678-4590-9A03-734698FB7AE4,0x64800,0x32479AF8)
6:644  0:000          Result of bootcode detection: bootable unknown (legacy)
6:644  0:000  - [08]: Volume: PciRoot(0x0)\Pci(0x1B,0x0)\Pci(0x0,0x0)\NVMe(0x1,4E-B0-16-44-8B-44-1B-00)\HD(3,GPT,6970BF68-B58E-4F0D-9A12-532D7EBCB9AE,0x324DE2F8,0x9502F90)
6:644  0:000          Result of bootcode detection: bootable unknown (legacy)
6:644  0:000  - [09]: Volume: PciRoot(0x0)\Pci(0x1B,0x0)\Pci(0x0,0x0)\NVMe(0x1,4E-B0-16-44-8B-44-1B-00)\HD(2,GPT,E2CBD672-A678-4590-9A03-734698FB7AE4,0x64800,0x32479AF8)\VenMedia(BE74FCF7-0B7C-49F3-9147-01F4042E6842,0C3109995056C44F90BF638CBD06A35A)
6:644  0:000          hiding this volume
6:644  0:000  - [10]: Volume: PciRoot(0x0)\Pci(0x1B,0x0)\Pci(0x0,0x0)\NVMe(0x1,4E-B0-16-44-8B-44-1B-00)\HD(2,GPT,E2CBD672-A678-4590-9A03-734698FB7AE4,0x64800,0x32479AF8)\VenMedia(BE74FCF7-0B7C-49F3-9147-01F4042E6842,02977E0F62ECA54BA2583D5AE03EC383)
6:644  0:000  - [11]: Volume: PciRoot(0x0)\Pci(0x1B,0x0)\Pci(0x0,0x0)\NVMe(0x1,4E-B0-16-44-8B-44-1B-00)\HD(2,GPT,E2CBD672-A678-4590-9A03-734698FB7AE4,0x64800,0x32479AF8)\VenMedia(BE74FCF7-0B7C-49F3-9147-01F4042E6842,3BA93F2B72E19A48986546DCBCF23D2C)
6:644  0:000          hiding this volume
6:644  0:000  - [12]: Volume: PciRoot(0x0)\Pci(0x1B,0x0)\Pci(0x0,0x0)\NVMe(0x1,4E-B0-16-44-8B-44-1B-00)\HD(2,GPT,E2CBD672-A678-4590-9A03-734698FB7AE4,0x64800,0x32479AF8)\VenMedia(BE74FCF7-0B7C-49F3-9147-01F4042E6842,2990853D1BD7EC4CB09FD7574744F665)
6:644  0:000  - [13]: Volume: PciRoot(0x0)\Pci(0x1B,0x0)\Pci(0x0,0x0)\NVMe(0x1,4E-B0-16-44-8B-44-1B-00)\HD(2,GPT,E2CBD672-A678-4590-9A03-734698FB7AE4,0x64800,0x32479AF8)\VenMedia(BE74FCF7-0B7C-49F3-9147-01F4042E6842,5C21F9EADB778B45B54E8260D7B294F0)
6:644  0:000  - [14]: Volume: PciRoot(0x0)\Pci(0x1B,0x0)\Pci(0x0,0x0)\NVMe(0x1,4E-B0-16-44-8B-44-1B-00)\HD(3,GPT,6970BF68-B58E-4F0D-9A12-532D7EBCB9AE,0x324DE2F8,0x9502F90)\VenMedia(BE74FCF7-0B7C-49F3-9147-01F4042E6842,C14020C8D46A6D4DB9CC1EB2CD23E683)
6:644  0:000          hiding this volume
6:644  0:000  - [15]: Volume: PciRoot(0x0)\Pci(0x1B,0x0)\Pci(0x0,0x0)\NVMe(0x1,4E-B0-16-44-8B-44-1B-00)\HD(3,GPT,6970BF68-B58E-4F0D-9A12-532D7EBCB9AE,0x324DE2F8,0x9502F90)\VenMedia(BE74FCF7-0B7C-49F3-9147-01F4042E6842,64ECB78375E29F4D8AC0867BE1FD118B)
6:644  0:000  - [16]: Volume: PciRoot(0x0)\Pci(0x1B,0x0)\Pci(0x0,0x0)\NVMe(0x1,4E-B0-16-44-8B-44-1B-00)\HD(3,GPT,6970BF68-B58E-4F0D-9A12-532D7EBCB9AE,0x324DE2F8,0x9502F90)\VenMedia(BE74FCF7-0B7C-49F3-9147-01F4042E6842,01851C2F0AD02747AD45EDC2E70A32BA)
6:645  0:000          hiding this volume
6:645  0:000  - [17]: Volume: PciRoot(0x0)\Pci(0x1B,0x0)\Pci(0x0,0x0)\NVMe(0x1,4E-B0-16-44-8B-44-1B-00)\HD(3,GPT,6970BF68-B58E-4F0D-9A12-532D7EBCB9AE,0x324DE2F8,0x9502F90)\VenMedia(BE74FCF7-0B7C-49F3-9147-01F4042E6842,E7AB56F9CC44A942A0E551B3C66A5B5C)
6:645  0:000  Searching volumes for latest nvram.plist ...
6:645  0:000  Loading nvram.plist from Vol 'EFI' -  begin load gNvramDict=0x0
6:646  0:000   loaded, size=2891
6:657  0:011  loaded Status=Success
6:657  0:000  === [ PutNvramPlistToRtVars ] ===================
6:657  0:000   Adding Key: Clover.DisableSleepProxyClient: Size = 4, Data: 74 72 75 65 
6:657  0:000   Adding Key: Clover.RootRW: Size = 4, Data: 74 72 75 65 
6:657  0:000   Adding Key: EFIBluetoothDelay: Size = 2, Data: B8 0B 
6:657  0:000   Adding Key: EFILoginHiDPI: Size = 4, Data: 00 00 00 00 
6:657  0:000   Skipping EmuVariableUefiPresent
6:657  0:000   Adding Key: LocationServicesEnabled: Size = 1, Data: 01 
6:657  0:000   Adding Key: SystemAudioVolume: Size = 1, Data: 3E 
6:657  0:000   Adding Key: SystemAudioVolumeDB: Size = 1, Data: EE 
6:657  0:000   Adding Key: bluetoothActiveControllerInfo: Size = 16, Data: 10 64 5C 0A 00 00 00 00 E0 14 C4 8E 8F E2 2C F8 
6:657  0:000   Adding Key: csr-active-config: Size = 4, Data: 67 00 00 00 
6:657  0:000   Adding Key: flagstate: Size = 32, Data: 00 00 00 00 00 00 00 00 00 00 00 00 00 00 00 00 00 00 00 00 00 00 00 00 00 00 00 00 00 00 00 00 
6:657  0:000   Adding Key: fmm-computer-name: Size = 4, Data: 69 4D 61 63 
6:657  0:000   Adding Key: fmm-mobileme-token-FMM: Size = 932, Data: 62 70 6C 69 73 74 30 30 DD 01 02 03 04 05 06 07 08 09 0A 0B 0C 0D 0E 0F 16 17 0E 18 0E 19 1A 1B 1C 1D 1F 5F 10 0F 75 6E 72 65 67 69 73 74 65 72 53 74 61 74 65 58 75 73 65 72 49 6E 66 6F 59 61 75 74 68 54 6F 6B 65 6E 5E 72 6F 6F 74 56 6F 6C 75 6D 65 55 55 49 44 5E 64 69 73 61 62 6C 65 43 6F 6E 74 65 78 74 56 75 73 65 72 69 64 5D 65 6E 61 62 6C 65 43 6F 6E 74 65 78 74 58 75 73 65 72 6E 61 6D 65 58 70 65 72 73 6F 6E 49 44 54 67 75 69 64 57 61 64 64 54 69 6D 65 5F 10 12 65 6E 61 62 6C 65 64 44 61 74 61 63 6C 61 73 73 65 73 5F 10 13 64 61 74 61 63 6C 61 73 73 50 72 6F 70 65 72 74 69 65 73 10 00 D3 10 11 12 13 14 15 5F 10 15 49 6E 55 73 65 4F 77 6E 65 72 44 69 73 70 6C 61 79 4E 61 6D 65 5F 10 13 49 6E 55 73 65 4F 77 6E 65 72 46 69 72 73 74 4E 61 6D 65 5F 10 12 49 6E 55 73 65 4F 77 6E 65 72 4C 61 73 74 4E 61 6D 65 63 90 B1 56 FD 74 1B 62 56 FD 74 1B 61 90 B1 5F 10 CC 45 41 41 33 41 41 41 41 42 4C 77 49 41 41 41 41 41 46 37 6E 4D 71 4D 52 44 6D 64 7A 4C 6D 6C 6A 62 47 39 31 5A 43 35 68 64 58 52 6F 76 51 42 6A 72 35 43 6D 7A 55 38 39 72 72 35 73 56 47 31 4E 2D 30 2D 48 50 50 66 7A 49 57 78 33 64 6D 65 76 42 32 51 5A 78 44 71 2D 62 53 34 6E 6B 57 6D 6B 31 6E 5F 5F 66 65 4B 4E 62 37 49 39 32 71 43 4D 67 78 70 49 4A 68 32 42 6D 4B 34 74 57 54 64 53 54 56 77 77 47 46 57 69 4B 4D 49 56 6D 59 5F 62 67 6F 78 43 54 67 2D 53 6B 4F 2D 4B 53 35 5A 44 4A 53 54 4F 7A 6E 6F 5F 65 54 42 4E 49 54 67 49 43 4E 52 77 38 4E 62 49 66 37 56 77 59 50 6F 34 75 53 5F 7A 33 4A 38 42 53 67 7E 7E 5F 10 24 45 41 46 39 32 31 35 43 2D 37 37 44 42 2D 34 35 38 42 2D 42 35 34 45 2D 38 32 36 30 44 37 42 32 39 34 46 30 11 01 F5 5F 10 19 65 7A 69 6F 63 68 69 75 63 68 69 6E 61 40 68 6F 74 6D 61 69 6C 2E 63 6F 6D 5A 31 32 37 38 32 30 36 30 36 33 5F 10 24 36 31 36 46 39 43 41 31 2D 46 42 39 30 2D 34 43 41 43 2D 38 46 31 39 2D 30 41 33 41 35 38 43 33 32 32 43 31 23 41 D7 B9 CC AC F7 6F 54 A1 1E 5F 10 21 63 6F 6D 2E 61 70 70 6C 65 2E 44 61 74 61 63 6C 61 73 73 2E 44 65 76 69 63 65 4C 6F 63 61 74 6F 72 D1 1E 20 D5 21 22 23 24 25 26 27 28 29 2A 56 61 70 73 45 6E 76 58 68 6F 73 74 6E 61 6D 65 5D 69 64 73 49 64 65 6E 74 69 66 69 65 72 56 73 63 68 65 6D 65 5D 61 75 74 68 4D 65 63 68 61 6E 69 73 6D 5A 50 72 6F 64 75 63 74 69 6F 6E 5F 10 16 70 31 32 2D 66 6D 69 70 2E 69 63 6C 6F 75 64 2E 63 6F 6D 2E 63 6E 5F 10 24 37 43 34 35 41 31 44 43 2D 46 45 36 46 2D 34 41 46 46 2D 39 46 39 41 2D 32 34 45 36 38 36 30 43 45 42 37 35 55 68 74 74 70 73 55 74 6F 6B 65 6E 00 08 00 23 00 35 00 3E 00 48 00 57 00 66 00 6D 00 7B 00 84 00 8D 00 92 00 9A 00 AF 00 C5 00 C7 00 CE 00 E6 00 FC 01 11 01 18 01 1D 01 20 01 EF 02 16 02 19 02 35 02 40 02 67 02 70 02 72 02 96 02 99 02 A4 02 AB 02 B4 02 C2 02 C9 02 D7 02 E2 02 FB 03 22 03 28 00 00 00 00 00 00 02 01 00 00 00 00 00 00 00 2B 00 00 00 00 00 00 00 00 00 00 00 00 00 00 03 2E 
6:658  0:000   Adding Key: fmm-mobileme-token-FMM-BridgeHasAccount: Size = 21, Data: 42 72 69 64 67 65 48 61 73 41 63 63 6F 75 6E 74 56 61 6C 75 65 
6:658  0:000   Adding Key: msu-product-url: Size = 77, Data: 6D 73 75 2D 70 72 6F 64 75 63 74 2D 75 72 6C 3A 2F 2F 38 33 42 37 45 43 36 34 2D 45 32 37 35 2D 34 44 39 46 2D 38 41 43 30 2D 38 36 37 42 45 31 46 44 31 31 38 42 2F 6D 61 63 4F 53 25 32 30 49 6E 73 74 61 6C 6C 25 32 30 44 61 74 61 
6:658  0:000   Adding Key: prev-lang:kbd: Size = 12, Data: 7A 68 2D 48 61 6E 73 2D 43 4E 3A 30 
6:658  0:000   Adding Key: security-mode: String: Size = 4, Val = 'none'
6:658  0:000   Adding Key: specialbootdevice: Size = 122, Data: 02 01 0C 00 D0 41 03 0A 00 00 00 00 01 01 06 00 00 1B 01 01 06 00 00 00 03 17 10 00 01 00 00 00 00 1B 44 8B 44 16 B0 4E 04 01 2A 00 02 00 00 00 00 48 06 00 00 00 00 00 F8 9A 47 32 00 00 00 00 72 D6 CB E2 78 A6 90 45 9A 03 73 46 98 FB 7A E4 02 02 04 03 24 00 F7 FC 74 BE 7C 0B F3 49 91 47 01 F4 04 2E 68 42 5C 21 F9 EA DB 77 8B 45 B5 4E 82 60 D7 B2 94 F0 7F FF 04 00 
6:658  0:000   Adding Key: wake-failure: Size = 5, Data: 00 00 00 00 00 
6:658  0:000  found 2 handles with audio
6:658  0:000  No AudioIoDevice stored
6:658  0:000  no stored audio parameters
6:658  0:000  Found Audio Device Nvidia (Unknown) (HDMI) at index 0
6:658  0:000  Found Audio Device Realtek ALC235 (Speaker) at index 1
6:658  0:000  Found Audio Device Realtek ALC235 (LineOut) at index 2
6:658  0:000  Found Audio Device Realtek ALC235 (Headphones) at index 3
6:658  0:000  === [ InitXTheme ] ==============================
6:658  0:000  use Daylight theme
6:664  0:006  Using theme 'blackbc' (EFI\CLOVER\themes\blackbc)
6:664  0:000  chosen theme blackbc
6:719  0:054  sound play end with status=Device Error
6:722  0:003  theme inited
6:722  0:000  Chosen theme blackbc
6:722  0:000  after NVRAM boot-args=-lilubetaall brcmfx-country=US
6:722  0:000  === [ Dump SMC keys from NVRAM ] ================
6:722  0:000  found AppleSMC protocol
6:722  0:000  === [ ScanLoader ] ==============================
6:722  0:000  - [01]: 'GRMCHPXFRER'
6:722  0:000          AddLoaderEntry for Volume Name=GRMCHPXFRER
6:722  0:000  IconName=vista,win comma=5 size=9
6:722  0:000    first=os_vista
6:723  0:000      Loader entry created for 'PciRoot(0x0)\Pci(0x14,0x0)\USB(0x9,0x0)\HD(1,GPT,A72C7FB9-FB47-4E54-A07E-3FA3F0B05001,0x800,0x1CD67DF)\EFI\MICROSOFT\BOOT\cdboot.efi'
6:723  0:000          AddLoaderEntry for Volume Name=GRMCHPXFRER
6:723  0:000          skipped because entry is hidden
6:723  0:000  - [03]: 'EFI'
6:737  0:014          AddLoaderEntry for Volume Name=EFI
6:737  0:000          skipped because entry is hidden
6:737  0:000  - [04]: 'MacData'
6:738  0:000  - [06]: 'EFI'
6:739  0:001          AddLoaderEntry for Volume Name=EFI
6:739  0:000          skipped because entry is hidden
6:739  0:000  - [09]: 'Preboot', hidden
6:739  0:000  - [10]: 'Macintosh HD - Data'
6:742  0:002  - [11]: 'Recovery', hidden
6:742  0:000  - [12]: 'VM'
6:742  0:000  - [13]: 'Macintosh HD'
6:747  0:005          AddLoaderEntry for Volume Name=Macintosh HD
6:751  0:003      hibernated: set as never
6:751  0:000  IconName=cata,mac comma=4 size=8
6:751  0:000    first=os_cata
6:751  0:000      Loader entry created for 'PciRoot(0x0)\Pci(0x1B,0x0)\Pci(0x0,0x0)\NVMe(0x1,4E-B0-16-44-8B-44-1B-00)\HD(2,GPT,E2CBD672-A678-4590-9A03-734698FB7AE4,0x64800,0x32479AF8)\VenMedia(BE74FCF7-0B7C-49F3-9147-01F4042E6842,5C21F9EADB778B45B54E8260D7B294F0)\System\Library\CoreServices\boot.efi'
6:752  0:000  - [14]: 'Preboot', hidden
6:752  0:000  - [15]: 'Big Sur'
6:753  0:000          AddLoaderEntry for Volume Name=Big Sur
6:753  0:000  IconName=mac comma=-1 size=3
6:753  0:000    Full=mac
6:754  0:000      Loader entry created for 'PciRoot(0x0)\Pci(0x1B,0x0)\Pci(0x0,0x0)\NVMe(0x1,4E-B0-16-44-8B-44-1B-00)\HD(3,GPT,6970BF68-B58E-4F0D-9A12-532D7EBCB9AE,0x324DE2F8,0x9502F90)\VenMedia(BE74FCF7-0B7C-49F3-9147-01F4042E6842,64ECB78375E29F4D8AC0867BE1FD118B)\macOS Install Data\Locked Files\boot.efi'
6:754  0:000  - [16]: 'Recovery', hidden
6:754  0:000  - [17]: 'VM'
6:755  0:000  === [ AddCustomTool ] ===========================
6:757  0:002  EmuVariable UninstallEmulation: CloseEvent = Success, original var services restored
6:757  0:000  EmuVariable InstallEmulation: orig vars copied, emu.var.services installed, CreateEvent VirtualAddressChange = Success, CreateEvent ExitBootServices = Success, set Status=Success
6:795  0:037  === [ GetEfiBootDeviceFromNvram ] ===============
6:795  0:000  Default boot entry not found
6:795  0:000  EmuVariable UninstallEmulation: CloseEvent = Success, original var services restored
6:795  0:000  BannerPlace at Clear Screen [860,252]
6:844  0:049  AnimeRun=0
7:353  0:508  GUI ready
